15:01:45,882 (main) WARN  [DataNucleus.Datastore.Schema] - La columna `RETO`.`DEPORTE` tiene una precision/escala, pero el tipo de la columna de la base de datos no permite nada.
15:01:45,883 (main) WARN  [DataNucleus.Datastore.Schema] - La columna `RETO`.`NOMBRE` tiene una precision/escala, pero el tipo de la columna de la base de datos no permite nada.
15:01:45,903 (main) WARN  [DataNucleus.Datastore.Schema] - La columna `SESIONENTRENAMIENTO`.`DEPORTE` tiene una precision/escala, pero el tipo de la columna de la base de datos no permite nada.
15:01:45,903 (main) WARN  [DataNucleus.Datastore.Schema] - La columna `SESIONENTRENAMIENTO`.`TITULO` tiene una precision/escala, pero el tipo de la columna de la base de datos no permite nada.
15:01:45,920 (main) WARN  [DataNucleus.Datastore.Schema] - La columna `USER`.`EMAIL` tiene una precision/escala, pero el tipo de la columna de la base de datos no permite nada.
15:01:45,920 (main) WARN  [DataNucleus.Datastore.Schema] - La columna `USER`.`FECHANAC` tiene una precision/escala, pero el tipo de la columna de la base de datos no permite nada.
15:01:45,920 (main) WARN  [DataNucleus.Datastore.Schema] - La columna `USER`.`NOMBRE` tiene una precision/escala, pero el tipo de la columna de la base de datos no permite nada.
15:01:45,920 (main) WARN  [DataNucleus.Datastore.Schema] - La columna `USER`.`PROVEEDOR` tiene una precision/escala, pero el tipo de la columna de la base de datos no permite nada.
15:01:45,941 (main) WARN  [DataNucleus.Datastore.Schema] - La columna `USUARIOSTRAVA`.`CONTRASENNA` tiene una precision/escala, pero el tipo de la columna de la base de datos no permite nada.
15:09:41,790 (main) WARN  [DataNucleus.Datastore.Schema] - La columna `RETO`.`DEPORTE` tiene una precision/escala, pero el tipo de la columna de la base de datos no permite nada.
15:09:41,791 (main) WARN  [DataNucleus.Datastore.Schema] - La columna `RETO`.`NOMBRE` tiene una precision/escala, pero el tipo de la columna de la base de datos no permite nada.
15:09:41,809 (main) WARN  [DataNucleus.Datastore.Schema] - La columna `SESIONENTRENAMIENTO`.`DEPORTE` tiene una precision/escala, pero el tipo de la columna de la base de datos no permite nada.
15:09:41,809 (main) WARN  [DataNucleus.Datastore.Schema] - La columna `SESIONENTRENAMIENTO`.`TITULO` tiene una precision/escala, pero el tipo de la columna de la base de datos no permite nada.
15:09:41,824 (main) WARN  [DataNucleus.Datastore.Schema] - La columna `USER`.`EMAIL` tiene una precision/escala, pero el tipo de la columna de la base de datos no permite nada.
15:09:41,824 (main) WARN  [DataNucleus.Datastore.Schema] - La columna `USER`.`FECHANAC` tiene una precision/escala, pero el tipo de la columna de la base de datos no permite nada.
15:09:41,824 (main) WARN  [DataNucleus.Datastore.Schema] - La columna `USER`.`NOMBRE` tiene una precision/escala, pero el tipo de la columna de la base de datos no permite nada.
15:09:41,824 (main) WARN  [DataNucleus.Datastore.Schema] - La columna `USER`.`PROVEEDOR` tiene una precision/escala, pero el tipo de la columna de la base de datos no permite nada.
15:09:41,839 (main) WARN  [DataNucleus.Datastore.Schema] - La columna `USUARIOSTRAVA`.`CONTRASENNA` tiene una precision/escala, pero el tipo de la columna de la base de datos no permite nada.
15:11:31,600 (main) WARN  [DataNucleus.Datastore.Schema] - La columna `RETO`.`DEPORTE` tiene una precision/escala, pero el tipo de la columna de la base de datos no permite nada.
15:11:31,601 (main) WARN  [DataNucleus.Datastore.Schema] - La columna `RETO`.`NOMBRE` tiene una precision/escala, pero el tipo de la columna de la base de datos no permite nada.
15:11:31,618 (main) WARN  [DataNucleus.Datastore.Schema] - La columna `SESIONENTRENAMIENTO`.`DEPORTE` tiene una precision/escala, pero el tipo de la columna de la base de datos no permite nada.
15:11:31,618 (main) WARN  [DataNucleus.Datastore.Schema] - La columna `SESIONENTRENAMIENTO`.`TITULO` tiene una precision/escala, pero el tipo de la columna de la base de datos no permite nada.
15:11:31,632 (main) WARN  [DataNucleus.Datastore.Schema] - La columna `USER`.`EMAIL` tiene una precision/escala, pero el tipo de la columna de la base de datos no permite nada.
15:11:31,633 (main) WARN  [DataNucleus.Datastore.Schema] - La columna `USER`.`FECHANAC` tiene una precision/escala, pero el tipo de la columna de la base de datos no permite nada.
15:11:31,633 (main) WARN  [DataNucleus.Datastore.Schema] - La columna `USER`.`NOMBRE` tiene una precision/escala, pero el tipo de la columna de la base de datos no permite nada.
15:11:31,633 (main) WARN  [DataNucleus.Datastore.Schema] - La columna `USER`.`PROVEEDOR` tiene una precision/escala, pero el tipo de la columna de la base de datos no permite nada.
15:11:31,644 (main) WARN  [DataNucleus.Datastore.Schema] - La columna `USUARIOSTRAVA`.`CONTRASENNA` tiene una precision/escala, pero el tipo de la columna de la base de datos no permite nada.
15:12:21,392 (main) WARN  [DataNucleus.Datastore.Schema] - La columna `RETO`.`DEPORTE` tiene una precision/escala, pero el tipo de la columna de la base de datos no permite nada.
15:12:21,392 (main) WARN  [DataNucleus.Datastore.Schema] - La columna `RETO`.`NOMBRE` tiene una precision/escala, pero el tipo de la columna de la base de datos no permite nada.
15:12:21,409 (main) WARN  [DataNucleus.Datastore.Schema] - La columna `SESIONENTRENAMIENTO`.`DEPORTE` tiene una precision/escala, pero el tipo de la columna de la base de datos no permite nada.
15:12:21,409 (main) WARN  [DataNucleus.Datastore.Schema] - La columna `SESIONENTRENAMIENTO`.`TITULO` tiene una precision/escala, pero el tipo de la columna de la base de datos no permite nada.
15:12:21,424 (main) WARN  [DataNucleus.Datastore.Schema] - La columna `USER`.`EMAIL` tiene una precision/escala, pero el tipo de la columna de la base de datos no permite nada.
15:12:21,424 (main) WARN  [DataNucleus.Datastore.Schema] - La columna `USER`.`FECHANAC` tiene una precision/escala, pero el tipo de la columna de la base de datos no permite nada.
15:12:21,424 (main) WARN  [DataNucleus.Datastore.Schema] - La columna `USER`.`NOMBRE` tiene una precision/escala, pero el tipo de la columna de la base de datos no permite nada.
15:12:21,424 (main) WARN  [DataNucleus.Datastore.Schema] - La columna `USER`.`PROVEEDOR` tiene una precision/escala, pero el tipo de la columna de la base de datos no permite nada.
15:12:21,435 (main) WARN  [DataNucleus.Datastore.Schema] - La columna `USUARIOSTRAVA`.`CONTRASENNA` tiene una precision/escala, pero el tipo de la columna de la base de datos no permite nada.
15:17:56,382 (main) WARN  [DataNucleus.Datastore.Schema] - La columna `RETO`.`DEPORTE` tiene una precision/escala, pero el tipo de la columna de la base de datos no permite nada.
15:17:56,382 (main) WARN  [DataNucleus.Datastore.Schema] - La columna `RETO`.`NOMBRE` tiene una precision/escala, pero el tipo de la columna de la base de datos no permite nada.
15:17:56,399 (main) WARN  [DataNucleus.Datastore.Schema] - La columna `SESIONENTRENAMIENTO`.`DEPORTE` tiene una precision/escala, pero el tipo de la columna de la base de datos no permite nada.
15:17:56,399 (main) WARN  [DataNucleus.Datastore.Schema] - La columna `SESIONENTRENAMIENTO`.`TITULO` tiene una precision/escala, pero el tipo de la columna de la base de datos no permite nada.
15:17:56,412 (main) WARN  [DataNucleus.Datastore.Schema] - La columna `USER`.`EMAIL` tiene una precision/escala, pero el tipo de la columna de la base de datos no permite nada.
15:17:56,412 (main) WARN  [DataNucleus.Datastore.Schema] - La columna `USER`.`FECHANAC` tiene una precision/escala, pero el tipo de la columna de la base de datos no permite nada.
15:17:56,412 (main) WARN  [DataNucleus.Datastore.Schema] - La columna `USER`.`NOMBRE` tiene una precision/escala, pero el tipo de la columna de la base de datos no permite nada.
15:17:56,412 (main) WARN  [DataNucleus.Datastore.Schema] - La columna `USER`.`PROVEEDOR` tiene una precision/escala, pero el tipo de la columna de la base de datos no permite nada.
15:17:56,424 (main) WARN  [DataNucleus.Datastore.Schema] - La columna `USUARIOSTRAVA`.`CONTRASENNA` tiene una precision/escala, pero el tipo de la columna de la base de datos no permite nada.
15:18:35,063 (main) WARN  [DataNucleus.Datastore.Schema] - La columna `RETO`.`DEPORTE` tiene una precision/escala, pero el tipo de la columna de la base de datos no permite nada.
15:18:35,065 (main) WARN  [DataNucleus.Datastore.Schema] - La columna `RETO`.`NOMBRE` tiene una precision/escala, pero el tipo de la columna de la base de datos no permite nada.
15:18:35,084 (main) WARN  [DataNucleus.Datastore.Schema] - La columna `SESIONENTRENAMIENTO`.`DEPORTE` tiene una precision/escala, pero el tipo de la columna de la base de datos no permite nada.
15:18:35,084 (main) WARN  [DataNucleus.Datastore.Schema] - La columna `SESIONENTRENAMIENTO`.`TITULO` tiene una precision/escala, pero el tipo de la columna de la base de datos no permite nada.
15:18:35,099 (main) WARN  [DataNucleus.Datastore.Schema] - La columna `USER`.`EMAIL` tiene una precision/escala, pero el tipo de la columna de la base de datos no permite nada.
15:18:35,099 (main) WARN  [DataNucleus.Datastore.Schema] - La columna `USER`.`FECHANAC` tiene una precision/escala, pero el tipo de la columna de la base de datos no permite nada.
15:18:35,099 (main) WARN  [DataNucleus.Datastore.Schema] - La columna `USER`.`NOMBRE` tiene una precision/escala, pero el tipo de la columna de la base de datos no permite nada.
15:18:35,099 (main) WARN  [DataNucleus.Datastore.Schema] - La columna `USER`.`PROVEEDOR` tiene una precision/escala, pero el tipo de la columna de la base de datos no permite nada.
15:18:35,111 (main) WARN  [DataNucleus.Datastore.Schema] - La columna `USUARIOSTRAVA`.`CONTRASENNA` tiene una precision/escala, pero el tipo de la columna de la base de datos no permite nada.
15:21:14,908 (main) WARN  [DataNucleus.Datastore.Schema] - La columna `RETO`.`DEPORTE` tiene una precision/escala, pero el tipo de la columna de la base de datos no permite nada.
15:21:14,909 (main) WARN  [DataNucleus.Datastore.Schema] - La columna `RETO`.`NOMBRE` tiene una precision/escala, pero el tipo de la columna de la base de datos no permite nada.
15:21:14,926 (main) WARN  [DataNucleus.Datastore.Schema] - La columna `SESIONENTRENAMIENTO`.`DEPORTE` tiene una precision/escala, pero el tipo de la columna de la base de datos no permite nada.
15:21:14,926 (main) WARN  [DataNucleus.Datastore.Schema] - La columna `SESIONENTRENAMIENTO`.`TITULO` tiene una precision/escala, pero el tipo de la columna de la base de datos no permite nada.
15:21:14,941 (main) WARN  [DataNucleus.Datastore.Schema] - La columna `USER`.`EMAIL` tiene una precision/escala, pero el tipo de la columna de la base de datos no permite nada.
15:21:14,941 (main) WARN  [DataNucleus.Datastore.Schema] - La columna `USER`.`FECHANAC` tiene una precision/escala, pero el tipo de la columna de la base de datos no permite nada.
15:21:14,941 (main) WARN  [DataNucleus.Datastore.Schema] - La columna `USER`.`NOMBRE` tiene una precision/escala, pero el tipo de la columna de la base de datos no permite nada.
15:21:14,941 (main) WARN  [DataNucleus.Datastore.Schema] - La columna `USER`.`PROVEEDOR` tiene una precision/escala, pero el tipo de la columna de la base de datos no permite nada.
15:21:14,953 (main) WARN  [DataNucleus.Datastore.Schema] - La columna `USUARIOSTRAVA`.`CONTRASENNA` tiene una precision/escala, pero el tipo de la columna de la base de datos no permite nada.
15:22:01,099 (main) WARN  [DataNucleus.Datastore.Schema] - La columna `RETO`.`DEPORTE` tiene una precision/escala, pero el tipo de la columna de la base de datos no permite nada.
15:22:01,100 (main) WARN  [DataNucleus.Datastore.Schema] - La columna `RETO`.`NOMBRE` tiene una precision/escala, pero el tipo de la columna de la base de datos no permite nada.
15:22:01,118 (main) WARN  [DataNucleus.Datastore.Schema] - La columna `SESIONENTRENAMIENTO`.`DEPORTE` tiene una precision/escala, pero el tipo de la columna de la base de datos no permite nada.
15:22:01,119 (main) WARN  [DataNucleus.Datastore.Schema] - La columna `SESIONENTRENAMIENTO`.`TITULO` tiene una precision/escala, pero el tipo de la columna de la base de datos no permite nada.
15:22:01,142 (main) WARN  [DataNucleus.Datastore.Schema] - La columna `USER`.`EMAIL` tiene una precision/escala, pero el tipo de la columna de la base de datos no permite nada.
15:22:01,142 (main) WARN  [DataNucleus.Datastore.Schema] - La columna `USER`.`FECHANAC` tiene una precision/escala, pero el tipo de la columna de la base de datos no permite nada.
15:22:01,142 (main) WARN  [DataNucleus.Datastore.Schema] - La columna `USER`.`NOMBRE` tiene una precision/escala, pero el tipo de la columna de la base de datos no permite nada.
15:22:01,142 (main) WARN  [DataNucleus.Datastore.Schema] - La columna `USER`.`PROVEEDOR` tiene una precision/escala, pero el tipo de la columna de la base de datos no permite nada.
15:22:01,155 (main) WARN  [DataNucleus.Datastore.Schema] - La columna `USUARIOSTRAVA`.`CONTRASENNA` tiene una precision/escala, pero el tipo de la columna de la base de datos no permite nada.
15:35:02,351 (main) WARN  [DataNucleus.Datastore.Schema] - La columna `RETO`.`DEPORTE` tiene una precision/escala, pero el tipo de la columna de la base de datos no permite nada.
15:35:02,352 (main) WARN  [DataNucleus.Datastore.Schema] - La columna `RETO`.`NOMBRE` tiene una precision/escala, pero el tipo de la columna de la base de datos no permite nada.
15:35:02,369 (main) WARN  [DataNucleus.Datastore.Schema] - La columna `SESIONENTRENAMIENTO`.`DEPORTE` tiene una precision/escala, pero el tipo de la columna de la base de datos no permite nada.
15:35:02,369 (main) WARN  [DataNucleus.Datastore.Schema] - La columna `SESIONENTRENAMIENTO`.`TITULO` tiene una precision/escala, pero el tipo de la columna de la base de datos no permite nada.
15:35:02,383 (main) WARN  [DataNucleus.Datastore.Schema] - La columna `USER`.`EMAIL` tiene una precision/escala, pero el tipo de la columna de la base de datos no permite nada.
15:35:02,383 (main) WARN  [DataNucleus.Datastore.Schema] - La columna `USER`.`FECHANAC` tiene una precision/escala, pero el tipo de la columna de la base de datos no permite nada.
15:35:02,383 (main) WARN  [DataNucleus.Datastore.Schema] - La columna `USER`.`NOMBRE` tiene una precision/escala, pero el tipo de la columna de la base de datos no permite nada.
15:35:02,383 (main) WARN  [DataNucleus.Datastore.Schema] - La columna `USER`.`PROVEEDOR` tiene una precision/escala, pero el tipo de la columna de la base de datos no permite nada.
15:35:02,395 (main) WARN  [DataNucleus.Datastore.Schema] - La columna `USUARIOSTRAVA`.`CONTRASENNA` tiene una precision/escala, pero el tipo de la columna de la base de datos no permite nada.
22:22:06,953 (main) ERROR [DataNucleus.Datastore] - Un error estaba tirado con DROP TABLE `USER` CASCADE : Cannot drop table 'user' referenced by a foreign key constraint 'USUARIOSTRAVA_FK1' on table 'usuariostrava'.
java.sql.SQLException: Cannot drop table 'user' referenced by a foreign key constraint 'USUARIOSTRAVA_FK1' on table 'usuariostrava'.
	at com.mysql.cj.jdbc.exceptions.SQLError.createSQLException(SQLError.java:129)
	at com.mysql.cj.jdbc.exceptions.SQLExceptionsMapping.translateException(SQLExceptionsMapping.java:122)
	at com.mysql.cj.jdbc.StatementImpl.executeInternal(StatementImpl.java:763)
	at com.mysql.cj.jdbc.StatementImpl.execute(StatementImpl.java:648)
	at org.datanucleus.store.rdbms.datasource.dbcp2.DelegatingStatement.execute(DelegatingStatement.java:194)
	at org.datanucleus.store.rdbms.datasource.dbcp2.DelegatingStatement.execute(DelegatingStatement.java:194)
	at org.datanucleus.store.rdbms.table.AbstractTable.executeDdlStatement(AbstractTable.java:799)
	at org.datanucleus.store.rdbms.table.AbstractTable.executeDdlStatementList(AbstractTable.java:749)
	at org.datanucleus.store.rdbms.table.AbstractTable.drop(AbstractTable.java:507)
	at org.datanucleus.store.rdbms.DeleteTablesSchemaTransaction.run(DeleteTablesSchemaTransaction.java:210)
	at org.datanucleus.store.rdbms.AbstractSchemaTransaction.execute(AbstractSchemaTransaction.java:118)
	at org.datanucleus.store.rdbms.RDBMSStoreManager.deleteSchemaForClasses(RDBMSStoreManager.java:4202)
	at org.datanucleus.store.schema.SchemaTool.deleteSchemaForClasses(SchemaTool.java:512)
	at org.datanucleus.store.schema.SchemaTool.main(SchemaTool.java:427)

22:22:06,954 (main) ERROR [DataNucleus.Datastore.Schema] - Una excepcion estaba tirada durante la borracion de algunas class(es) : Cannot drop table 'user' referenced by a foreign key constraint 'USUARIOSTRAVA_FK1' on table 'usuariostrava'.
java.sql.SQLException: Cannot drop table 'user' referenced by a foreign key constraint 'USUARIOSTRAVA_FK1' on table 'usuariostrava'.
	at com.mysql.cj.jdbc.exceptions.SQLError.createSQLException(SQLError.java:129)
	at com.mysql.cj.jdbc.exceptions.SQLExceptionsMapping.translateException(SQLExceptionsMapping.java:122)
	at com.mysql.cj.jdbc.StatementImpl.executeInternal(StatementImpl.java:763)
	at com.mysql.cj.jdbc.StatementImpl.execute(StatementImpl.java:648)
	at org.datanucleus.store.rdbms.datasource.dbcp2.DelegatingStatement.execute(DelegatingStatement.java:194)
	at org.datanucleus.store.rdbms.datasource.dbcp2.DelegatingStatement.execute(DelegatingStatement.java:194)
	at org.datanucleus.store.rdbms.table.AbstractTable.executeDdlStatement(AbstractTable.java:799)
	at org.datanucleus.store.rdbms.table.AbstractTable.executeDdlStatementList(AbstractTable.java:749)
	at org.datanucleus.store.rdbms.table.AbstractTable.drop(AbstractTable.java:507)
	at org.datanucleus.store.rdbms.DeleteTablesSchemaTransaction.run(DeleteTablesSchemaTransaction.java:210)
	at org.datanucleus.store.rdbms.AbstractSchemaTransaction.execute(AbstractSchemaTransaction.java:118)
	at org.datanucleus.store.rdbms.RDBMSStoreManager.deleteSchemaForClasses(RDBMSStoreManager.java:4202)
	at org.datanucleus.store.schema.SchemaTool.deleteSchemaForClasses(SchemaTool.java:512)
	at org.datanucleus.store.schema.SchemaTool.main(SchemaTool.java:427)

22:22:06,956 (main) ERROR [DataNucleus.SchemaTool] - DataNucleus SchemaTool ha lanzado una excepción. Por favor consulte el Log para ver más detalles: Una excepcion estaba tirada durante la borracion de algunas class(es) : Cannot drop table 'user' referenced by a foreign key constraint 'USUARIOSTRAVA_FK1' on table 'usuariostrava'.
java.sql.SQLException: Cannot drop table 'user' referenced by a foreign key constraint 'USUARIOSTRAVA_FK1' on table 'usuariostrava'.
	at com.mysql.cj.jdbc.exceptions.SQLError.createSQLException(SQLError.java:129)
	at com.mysql.cj.jdbc.exceptions.SQLExceptionsMapping.translateException(SQLExceptionsMapping.java:122)
	at com.mysql.cj.jdbc.StatementImpl.executeInternal(StatementImpl.java:763)
	at com.mysql.cj.jdbc.StatementImpl.execute(StatementImpl.java:648)
	at org.datanucleus.store.rdbms.datasource.dbcp2.DelegatingStatement.execute(DelegatingStatement.java:194)
	at org.datanucleus.store.rdbms.datasource.dbcp2.DelegatingStatement.execute(DelegatingStatement.java:194)
	at org.datanucleus.store.rdbms.table.AbstractTable.executeDdlStatement(AbstractTable.java:799)
	at org.datanucleus.store.rdbms.table.AbstractTable.executeDdlStatementList(AbstractTable.java:749)
	at org.datanucleus.store.rdbms.table.AbstractTable.drop(AbstractTable.java:507)
	at org.datanucleus.store.rdbms.DeleteTablesSchemaTransaction.run(DeleteTablesSchemaTransaction.java:210)
	at org.datanucleus.store.rdbms.AbstractSchemaTransaction.execute(AbstractSchemaTransaction.java:118)
	at org.datanucleus.store.rdbms.RDBMSStoreManager.deleteSchemaForClasses(RDBMSStoreManager.java:4202)
	at org.datanucleus.store.schema.SchemaTool.deleteSchemaForClasses(SchemaTool.java:512)
	at org.datanucleus.store.schema.SchemaTool.main(SchemaTool.java:427)

Una excepcion estaba tirada durante la borracion de algunas class(es) : Cannot drop table 'user' referenced by a foreign key constraint 'USUARIOSTRAVA_FK1' on table 'usuariostrava'.
java.sql.SQLException: Cannot drop table 'user' referenced by a foreign key constraint 'USUARIOSTRAVA_FK1' on table 'usuariostrava'.
	at com.mysql.cj.jdbc.exceptions.SQLError.createSQLException(SQLError.java:129)
	at com.mysql.cj.jdbc.exceptions.SQLExceptionsMapping.translateException(SQLExceptionsMapping.java:122)
	at com.mysql.cj.jdbc.StatementImpl.executeInternal(StatementImpl.java:763)
	at com.mysql.cj.jdbc.StatementImpl.execute(StatementImpl.java:648)
	at org.datanucleus.store.rdbms.datasource.dbcp2.DelegatingStatement.execute(DelegatingStatement.java:194)
	at org.datanucleus.store.rdbms.datasource.dbcp2.DelegatingStatement.execute(DelegatingStatement.java:194)
	at org.datanucleus.store.rdbms.table.AbstractTable.executeDdlStatement(AbstractTable.java:799)
	at org.datanucleus.store.rdbms.table.AbstractTable.executeDdlStatementList(AbstractTable.java:749)
	at org.datanucleus.store.rdbms.table.AbstractTable.drop(AbstractTable.java:507)
	at org.datanucleus.store.rdbms.DeleteTablesSchemaTransaction.run(DeleteTablesSchemaTransaction.java:210)
	at org.datanucleus.store.rdbms.AbstractSchemaTransaction.execute(AbstractSchemaTransaction.java:118)
	at org.datanucleus.store.rdbms.RDBMSStoreManager.deleteSchemaForClasses(RDBMSStoreManager.java:4202)
	at org.datanucleus.store.schema.SchemaTool.deleteSchemaForClasses(SchemaTool.java:512)
	at org.datanucleus.store.schema.SchemaTool.main(SchemaTool.java:427)

org.datanucleus.exceptions.NucleusUserException: Una excepcion estaba tirada durante la borracion de algunas class(es) : Cannot drop table 'user' referenced by a foreign key constraint 'USUARIOSTRAVA_FK1' on table 'usuariostrava'.
java.sql.SQLException: Cannot drop table 'user' referenced by a foreign key constraint 'USUARIOSTRAVA_FK1' on table 'usuariostrava'.
	at com.mysql.cj.jdbc.exceptions.SQLError.createSQLException(SQLError.java:129)
	at com.mysql.cj.jdbc.exceptions.SQLExceptionsMapping.translateException(SQLExceptionsMapping.java:122)
	at com.mysql.cj.jdbc.StatementImpl.executeInternal(StatementImpl.java:763)
	at com.mysql.cj.jdbc.StatementImpl.execute(StatementImpl.java:648)
	at org.datanucleus.store.rdbms.datasource.dbcp2.DelegatingStatement.execute(DelegatingStatement.java:194)
	at org.datanucleus.store.rdbms.datasource.dbcp2.DelegatingStatement.execute(DelegatingStatement.java:194)
	at org.datanucleus.store.rdbms.table.AbstractTable.executeDdlStatement(AbstractTable.java:799)
	at org.datanucleus.store.rdbms.table.AbstractTable.executeDdlStatementList(AbstractTable.java:749)
	at org.datanucleus.store.rdbms.table.AbstractTable.drop(AbstractTable.java:507)
	at org.datanucleus.store.rdbms.DeleteTablesSchemaTransaction.run(DeleteTablesSchemaTransaction.java:210)
	at org.datanucleus.store.rdbms.AbstractSchemaTransaction.execute(AbstractSchemaTransaction.java:118)
	at org.datanucleus.store.rdbms.RDBMSStoreManager.deleteSchemaForClasses(RDBMSStoreManager.java:4202)
	at org.datanucleus.store.schema.SchemaTool.deleteSchemaForClasses(SchemaTool.java:512)
	at org.datanucleus.store.schema.SchemaTool.main(SchemaTool.java:427)

	at org.datanucleus.store.rdbms.DeleteTablesSchemaTransaction.run(DeleteTablesSchemaTransaction.java:219)
	at org.datanucleus.store.rdbms.AbstractSchemaTransaction.execute(AbstractSchemaTransaction.java:118)
	at org.datanucleus.store.rdbms.RDBMSStoreManager.deleteSchemaForClasses(RDBMSStoreManager.java:4202)
	at org.datanucleus.store.schema.SchemaTool.deleteSchemaForClasses(SchemaTool.java:512)
	at org.datanucleus.store.schema.SchemaTool.main(SchemaTool.java:427)
Caused by: java.sql.SQLException: Cannot drop table 'user' referenced by a foreign key constraint 'USUARIOSTRAVA_FK1' on table 'usuariostrava'.
	at com.mysql.cj.jdbc.exceptions.SQLError.createSQLException(SQLError.java:129)
	at com.mysql.cj.jdbc.exceptions.SQLExceptionsMapping.translateException(SQLExceptionsMapping.java:122)
	at com.mysql.cj.jdbc.StatementImpl.executeInternal(StatementImpl.java:763)
	at com.mysql.cj.jdbc.StatementImpl.execute(StatementImpl.java:648)
	at org.datanucleus.store.rdbms.datasource.dbcp2.DelegatingStatement.execute(DelegatingStatement.java:194)
	at org.datanucleus.store.rdbms.datasource.dbcp2.DelegatingStatement.execute(DelegatingStatement.java:194)
	at org.datanucleus.store.rdbms.table.AbstractTable.executeDdlStatement(AbstractTable.java:799)
	at org.datanucleus.store.rdbms.table.AbstractTable.executeDdlStatementList(AbstractTable.java:749)
	at org.datanucleus.store.rdbms.table.AbstractTable.drop(AbstractTable.java:507)
	at org.datanucleus.store.rdbms.DeleteTablesSchemaTransaction.run(DeleteTablesSchemaTransaction.java:210)
	... 4 more
Nested Throwables StackTrace:
java.sql.SQLException: Cannot drop table 'user' referenced by a foreign key constraint 'USUARIOSTRAVA_FK1' on table 'usuariostrava'.
	at com.mysql.cj.jdbc.exceptions.SQLError.createSQLException(SQLError.java:129)
	at com.mysql.cj.jdbc.exceptions.SQLExceptionsMapping.translateException(SQLExceptionsMapping.java:122)
	at com.mysql.cj.jdbc.StatementImpl.executeInternal(StatementImpl.java:763)
	at com.mysql.cj.jdbc.StatementImpl.execute(StatementImpl.java:648)
	at org.datanucleus.store.rdbms.datasource.dbcp2.DelegatingStatement.execute(DelegatingStatement.java:194)
	at org.datanucleus.store.rdbms.datasource.dbcp2.DelegatingStatement.execute(DelegatingStatement.java:194)
	at org.datanucleus.store.rdbms.table.AbstractTable.executeDdlStatement(AbstractTable.java:799)
	at org.datanucleus.store.rdbms.table.AbstractTable.executeDdlStatementList(AbstractTable.java:749)
	at org.datanucleus.store.rdbms.table.AbstractTable.drop(AbstractTable.java:507)
	at org.datanucleus.store.rdbms.DeleteTablesSchemaTransaction.run(DeleteTablesSchemaTransaction.java:210)
	at org.datanucleus.store.rdbms.AbstractSchemaTransaction.execute(AbstractSchemaTransaction.java:118)
	at org.datanucleus.store.rdbms.RDBMSStoreManager.deleteSchemaForClasses(RDBMSStoreManager.java:4202)
	at org.datanucleus.store.schema.SchemaTool.deleteSchemaForClasses(SchemaTool.java:512)
	at org.datanucleus.store.schema.SchemaTool.main(SchemaTool.java:427)
22:22:25,606 (main) ERROR [DataNucleus.Datastore] - Un error estaba tirado con DROP TABLE `USER` CASCADE : Cannot drop table 'user' referenced by a foreign key constraint 'USUARIOSTRAVA_FK1' on table 'usuariostrava'.
java.sql.SQLException: Cannot drop table 'user' referenced by a foreign key constraint 'USUARIOSTRAVA_FK1' on table 'usuariostrava'.
	at com.mysql.cj.jdbc.exceptions.SQLError.createSQLException(SQLError.java:129)
	at com.mysql.cj.jdbc.exceptions.SQLExceptionsMapping.translateException(SQLExceptionsMapping.java:122)
	at com.mysql.cj.jdbc.StatementImpl.executeInternal(StatementImpl.java:763)
	at com.mysql.cj.jdbc.StatementImpl.execute(StatementImpl.java:648)
	at org.datanucleus.store.rdbms.datasource.dbcp2.DelegatingStatement.execute(DelegatingStatement.java:194)
	at org.datanucleus.store.rdbms.datasource.dbcp2.DelegatingStatement.execute(DelegatingStatement.java:194)
	at org.datanucleus.store.rdbms.table.AbstractTable.executeDdlStatement(AbstractTable.java:799)
	at org.datanucleus.store.rdbms.table.AbstractTable.executeDdlStatementList(AbstractTable.java:749)
	at org.datanucleus.store.rdbms.table.AbstractTable.drop(AbstractTable.java:507)
	at org.datanucleus.store.rdbms.DeleteTablesSchemaTransaction.run(DeleteTablesSchemaTransaction.java:210)
	at org.datanucleus.store.rdbms.AbstractSchemaTransaction.execute(AbstractSchemaTransaction.java:118)
	at org.datanucleus.store.rdbms.RDBMSStoreManager.deleteSchemaForClasses(RDBMSStoreManager.java:4202)
	at org.datanucleus.store.schema.SchemaTool.deleteSchemaForClasses(SchemaTool.java:512)
	at org.datanucleus.store.schema.SchemaTool.main(SchemaTool.java:427)

22:22:25,607 (main) ERROR [DataNucleus.Datastore.Schema] - Una excepcion estaba tirada durante la borracion de algunas class(es) : Cannot drop table 'user' referenced by a foreign key constraint 'USUARIOSTRAVA_FK1' on table 'usuariostrava'.
java.sql.SQLException: Cannot drop table 'user' referenced by a foreign key constraint 'USUARIOSTRAVA_FK1' on table 'usuariostrava'.
	at com.mysql.cj.jdbc.exceptions.SQLError.createSQLException(SQLError.java:129)
	at com.mysql.cj.jdbc.exceptions.SQLExceptionsMapping.translateException(SQLExceptionsMapping.java:122)
	at com.mysql.cj.jdbc.StatementImpl.executeInternal(StatementImpl.java:763)
	at com.mysql.cj.jdbc.StatementImpl.execute(StatementImpl.java:648)
	at org.datanucleus.store.rdbms.datasource.dbcp2.DelegatingStatement.execute(DelegatingStatement.java:194)
	at org.datanucleus.store.rdbms.datasource.dbcp2.DelegatingStatement.execute(DelegatingStatement.java:194)
	at org.datanucleus.store.rdbms.table.AbstractTable.executeDdlStatement(AbstractTable.java:799)
	at org.datanucleus.store.rdbms.table.AbstractTable.executeDdlStatementList(AbstractTable.java:749)
	at org.datanucleus.store.rdbms.table.AbstractTable.drop(AbstractTable.java:507)
	at org.datanucleus.store.rdbms.DeleteTablesSchemaTransaction.run(DeleteTablesSchemaTransaction.java:210)
	at org.datanucleus.store.rdbms.AbstractSchemaTransaction.execute(AbstractSchemaTransaction.java:118)
	at org.datanucleus.store.rdbms.RDBMSStoreManager.deleteSchemaForClasses(RDBMSStoreManager.java:4202)
	at org.datanucleus.store.schema.SchemaTool.deleteSchemaForClasses(SchemaTool.java:512)
	at org.datanucleus.store.schema.SchemaTool.main(SchemaTool.java:427)

22:22:25,608 (main) ERROR [DataNucleus.SchemaTool] - DataNucleus SchemaTool ha lanzado una excepción. Por favor consulte el Log para ver más detalles: Una excepcion estaba tirada durante la borracion de algunas class(es) : Cannot drop table 'user' referenced by a foreign key constraint 'USUARIOSTRAVA_FK1' on table 'usuariostrava'.
java.sql.SQLException: Cannot drop table 'user' referenced by a foreign key constraint 'USUARIOSTRAVA_FK1' on table 'usuariostrava'.
	at com.mysql.cj.jdbc.exceptions.SQLError.createSQLException(SQLError.java:129)
	at com.mysql.cj.jdbc.exceptions.SQLExceptionsMapping.translateException(SQLExceptionsMapping.java:122)
	at com.mysql.cj.jdbc.StatementImpl.executeInternal(StatementImpl.java:763)
	at com.mysql.cj.jdbc.StatementImpl.execute(StatementImpl.java:648)
	at org.datanucleus.store.rdbms.datasource.dbcp2.DelegatingStatement.execute(DelegatingStatement.java:194)
	at org.datanucleus.store.rdbms.datasource.dbcp2.DelegatingStatement.execute(DelegatingStatement.java:194)
	at org.datanucleus.store.rdbms.table.AbstractTable.executeDdlStatement(AbstractTable.java:799)
	at org.datanucleus.store.rdbms.table.AbstractTable.executeDdlStatementList(AbstractTable.java:749)
	at org.datanucleus.store.rdbms.table.AbstractTable.drop(AbstractTable.java:507)
	at org.datanucleus.store.rdbms.DeleteTablesSchemaTransaction.run(DeleteTablesSchemaTransaction.java:210)
	at org.datanucleus.store.rdbms.AbstractSchemaTransaction.execute(AbstractSchemaTransaction.java:118)
	at org.datanucleus.store.rdbms.RDBMSStoreManager.deleteSchemaForClasses(RDBMSStoreManager.java:4202)
	at org.datanucleus.store.schema.SchemaTool.deleteSchemaForClasses(SchemaTool.java:512)
	at org.datanucleus.store.schema.SchemaTool.main(SchemaTool.java:427)

Una excepcion estaba tirada durante la borracion de algunas class(es) : Cannot drop table 'user' referenced by a foreign key constraint 'USUARIOSTRAVA_FK1' on table 'usuariostrava'.
java.sql.SQLException: Cannot drop table 'user' referenced by a foreign key constraint 'USUARIOSTRAVA_FK1' on table 'usuariostrava'.
	at com.mysql.cj.jdbc.exceptions.SQLError.createSQLException(SQLError.java:129)
	at com.mysql.cj.jdbc.exceptions.SQLExceptionsMapping.translateException(SQLExceptionsMapping.java:122)
	at com.mysql.cj.jdbc.StatementImpl.executeInternal(StatementImpl.java:763)
	at com.mysql.cj.jdbc.StatementImpl.execute(StatementImpl.java:648)
	at org.datanucleus.store.rdbms.datasource.dbcp2.DelegatingStatement.execute(DelegatingStatement.java:194)
	at org.datanucleus.store.rdbms.datasource.dbcp2.DelegatingStatement.execute(DelegatingStatement.java:194)
	at org.datanucleus.store.rdbms.table.AbstractTable.executeDdlStatement(AbstractTable.java:799)
	at org.datanucleus.store.rdbms.table.AbstractTable.executeDdlStatementList(AbstractTable.java:749)
	at org.datanucleus.store.rdbms.table.AbstractTable.drop(AbstractTable.java:507)
	at org.datanucleus.store.rdbms.DeleteTablesSchemaTransaction.run(DeleteTablesSchemaTransaction.java:210)
	at org.datanucleus.store.rdbms.AbstractSchemaTransaction.execute(AbstractSchemaTransaction.java:118)
	at org.datanucleus.store.rdbms.RDBMSStoreManager.deleteSchemaForClasses(RDBMSStoreManager.java:4202)
	at org.datanucleus.store.schema.SchemaTool.deleteSchemaForClasses(SchemaTool.java:512)
	at org.datanucleus.store.schema.SchemaTool.main(SchemaTool.java:427)

org.datanucleus.exceptions.NucleusUserException: Una excepcion estaba tirada durante la borracion de algunas class(es) : Cannot drop table 'user' referenced by a foreign key constraint 'USUARIOSTRAVA_FK1' on table 'usuariostrava'.
java.sql.SQLException: Cannot drop table 'user' referenced by a foreign key constraint 'USUARIOSTRAVA_FK1' on table 'usuariostrava'.
	at com.mysql.cj.jdbc.exceptions.SQLError.createSQLException(SQLError.java:129)
	at com.mysql.cj.jdbc.exceptions.SQLExceptionsMapping.translateException(SQLExceptionsMapping.java:122)
	at com.mysql.cj.jdbc.StatementImpl.executeInternal(StatementImpl.java:763)
	at com.mysql.cj.jdbc.StatementImpl.execute(StatementImpl.java:648)
	at org.datanucleus.store.rdbms.datasource.dbcp2.DelegatingStatement.execute(DelegatingStatement.java:194)
	at org.datanucleus.store.rdbms.datasource.dbcp2.DelegatingStatement.execute(DelegatingStatement.java:194)
	at org.datanucleus.store.rdbms.table.AbstractTable.executeDdlStatement(AbstractTable.java:799)
	at org.datanucleus.store.rdbms.table.AbstractTable.executeDdlStatementList(AbstractTable.java:749)
	at org.datanucleus.store.rdbms.table.AbstractTable.drop(AbstractTable.java:507)
	at org.datanucleus.store.rdbms.DeleteTablesSchemaTransaction.run(DeleteTablesSchemaTransaction.java:210)
	at org.datanucleus.store.rdbms.AbstractSchemaTransaction.execute(AbstractSchemaTransaction.java:118)
	at org.datanucleus.store.rdbms.RDBMSStoreManager.deleteSchemaForClasses(RDBMSStoreManager.java:4202)
	at org.datanucleus.store.schema.SchemaTool.deleteSchemaForClasses(SchemaTool.java:512)
	at org.datanucleus.store.schema.SchemaTool.main(SchemaTool.java:427)

	at org.datanucleus.store.rdbms.DeleteTablesSchemaTransaction.run(DeleteTablesSchemaTransaction.java:219)
	at org.datanucleus.store.rdbms.AbstractSchemaTransaction.execute(AbstractSchemaTransaction.java:118)
	at org.datanucleus.store.rdbms.RDBMSStoreManager.deleteSchemaForClasses(RDBMSStoreManager.java:4202)
	at org.datanucleus.store.schema.SchemaTool.deleteSchemaForClasses(SchemaTool.java:512)
	at org.datanucleus.store.schema.SchemaTool.main(SchemaTool.java:427)
Caused by: java.sql.SQLException: Cannot drop table 'user' referenced by a foreign key constraint 'USUARIOSTRAVA_FK1' on table 'usuariostrava'.
	at com.mysql.cj.jdbc.exceptions.SQLError.createSQLException(SQLError.java:129)
	at com.mysql.cj.jdbc.exceptions.SQLExceptionsMapping.translateException(SQLExceptionsMapping.java:122)
	at com.mysql.cj.jdbc.StatementImpl.executeInternal(StatementImpl.java:763)
	at com.mysql.cj.jdbc.StatementImpl.execute(StatementImpl.java:648)
	at org.datanucleus.store.rdbms.datasource.dbcp2.DelegatingStatement.execute(DelegatingStatement.java:194)
	at org.datanucleus.store.rdbms.datasource.dbcp2.DelegatingStatement.execute(DelegatingStatement.java:194)
	at org.datanucleus.store.rdbms.table.AbstractTable.executeDdlStatement(AbstractTable.java:799)
	at org.datanucleus.store.rdbms.table.AbstractTable.executeDdlStatementList(AbstractTable.java:749)
	at org.datanucleus.store.rdbms.table.AbstractTable.drop(AbstractTable.java:507)
	at org.datanucleus.store.rdbms.DeleteTablesSchemaTransaction.run(DeleteTablesSchemaTransaction.java:210)
	... 4 more
Nested Throwables StackTrace:
java.sql.SQLException: Cannot drop table 'user' referenced by a foreign key constraint 'USUARIOSTRAVA_FK1' on table 'usuariostrava'.
	at com.mysql.cj.jdbc.exceptions.SQLError.createSQLException(SQLError.java:129)
	at com.mysql.cj.jdbc.exceptions.SQLExceptionsMapping.translateException(SQLExceptionsMapping.java:122)
	at com.mysql.cj.jdbc.StatementImpl.executeInternal(StatementImpl.java:763)
	at com.mysql.cj.jdbc.StatementImpl.execute(StatementImpl.java:648)
	at org.datanucleus.store.rdbms.datasource.dbcp2.DelegatingStatement.execute(DelegatingStatement.java:194)
	at org.datanucleus.store.rdbms.datasource.dbcp2.DelegatingStatement.execute(DelegatingStatement.java:194)
	at org.datanucleus.store.rdbms.table.AbstractTable.executeDdlStatement(AbstractTable.java:799)
	at org.datanucleus.store.rdbms.table.AbstractTable.executeDdlStatementList(AbstractTable.java:749)
	at org.datanucleus.store.rdbms.table.AbstractTable.drop(AbstractTable.java:507)
	at org.datanucleus.store.rdbms.DeleteTablesSchemaTransaction.run(DeleteTablesSchemaTransaction.java:210)
	at org.datanucleus.store.rdbms.AbstractSchemaTransaction.execute(AbstractSchemaTransaction.java:118)
	at org.datanucleus.store.rdbms.RDBMSStoreManager.deleteSchemaForClasses(RDBMSStoreManager.java:4202)
	at org.datanucleus.store.schema.SchemaTool.deleteSchemaForClasses(SchemaTool.java:512)
	at org.datanucleus.store.schema.SchemaTool.main(SchemaTool.java:427)
22:23:02,880 (main) WARN  [DataNucleus.Datastore.Schema] - La columna `RETO`.`DEPORTE` tiene una precision/escala, pero el tipo de la columna de la base de datos no permite nada.
22:23:02,881 (main) WARN  [DataNucleus.Datastore.Schema] - La columna `RETO`.`NOMBRE` tiene una precision/escala, pero el tipo de la columna de la base de datos no permite nada.
22:23:02,900 (main) WARN  [DataNucleus.Datastore.Schema] - La columna `SESIONENTRENAMIENTO`.`DEPORTE` tiene una precision/escala, pero el tipo de la columna de la base de datos no permite nada.
22:23:02,900 (main) WARN  [DataNucleus.Datastore.Schema] - La columna `SESIONENTRENAMIENTO`.`TITULO` tiene una precision/escala, pero el tipo de la columna de la base de datos no permite nada.
22:23:02,917 (main) WARN  [DataNucleus.Datastore.Schema] - La columna `USER`.`EMAIL` tiene una precision/escala, pero el tipo de la columna de la base de datos no permite nada.
22:23:02,917 (main) WARN  [DataNucleus.Datastore.Schema] - La columna `USER`.`FECHANAC` tiene una precision/escala, pero el tipo de la columna de la base de datos no permite nada.
22:23:02,917 (main) WARN  [DataNucleus.Datastore.Schema] - La columna `USER`.`NOMBRE` tiene una precision/escala, pero el tipo de la columna de la base de datos no permite nada.
22:23:02,917 (main) WARN  [DataNucleus.Datastore.Schema] - La columna `USER`.`PROVEEDOR` tiene una precision/escala, pero el tipo de la columna de la base de datos no permite nada.
22:23:45,134 (main) ERROR [DataNucleus.Datastore] - Un error estaba tirado con DROP TABLE `SESIONENTRENAMIENTO` CASCADE : Cannot drop table 'sesionentrenamiento' referenced by a foreign key constraint 'USER_SESIONES_FK2' on table 'user_sesiones'.
java.sql.SQLException: Cannot drop table 'sesionentrenamiento' referenced by a foreign key constraint 'USER_SESIONES_FK2' on table 'user_sesiones'.
	at com.mysql.cj.jdbc.exceptions.SQLError.createSQLException(SQLError.java:129)
	at com.mysql.cj.jdbc.exceptions.SQLExceptionsMapping.translateException(SQLExceptionsMapping.java:122)
	at com.mysql.cj.jdbc.StatementImpl.executeInternal(StatementImpl.java:763)
	at com.mysql.cj.jdbc.StatementImpl.execute(StatementImpl.java:648)
	at org.datanucleus.store.rdbms.datasource.dbcp2.DelegatingStatement.execute(DelegatingStatement.java:194)
	at org.datanucleus.store.rdbms.datasource.dbcp2.DelegatingStatement.execute(DelegatingStatement.java:194)
	at org.datanucleus.store.rdbms.table.AbstractTable.executeDdlStatement(AbstractTable.java:799)
	at org.datanucleus.store.rdbms.table.AbstractTable.executeDdlStatementList(AbstractTable.java:749)
	at org.datanucleus.store.rdbms.table.AbstractTable.drop(AbstractTable.java:507)
	at org.datanucleus.store.rdbms.DeleteTablesSchemaTransaction.run(DeleteTablesSchemaTransaction.java:210)
	at org.datanucleus.store.rdbms.AbstractSchemaTransaction.execute(AbstractSchemaTransaction.java:118)
	at org.datanucleus.store.rdbms.RDBMSStoreManager.deleteSchemaForClasses(RDBMSStoreManager.java:4202)
	at org.datanucleus.store.schema.SchemaTool.deleteSchemaForClasses(SchemaTool.java:512)
	at org.datanucleus.store.schema.SchemaTool.main(SchemaTool.java:427)

22:23:45,135 (main) ERROR [DataNucleus.Datastore.Schema] - Una excepcion estaba tirada durante la borracion de algunas class(es) : Cannot drop table 'sesionentrenamiento' referenced by a foreign key constraint 'USER_SESIONES_FK2' on table 'user_sesiones'.
java.sql.SQLException: Cannot drop table 'sesionentrenamiento' referenced by a foreign key constraint 'USER_SESIONES_FK2' on table 'user_sesiones'.
	at com.mysql.cj.jdbc.exceptions.SQLError.createSQLException(SQLError.java:129)
	at com.mysql.cj.jdbc.exceptions.SQLExceptionsMapping.translateException(SQLExceptionsMapping.java:122)
	at com.mysql.cj.jdbc.StatementImpl.executeInternal(StatementImpl.java:763)
	at com.mysql.cj.jdbc.StatementImpl.execute(StatementImpl.java:648)
	at org.datanucleus.store.rdbms.datasource.dbcp2.DelegatingStatement.execute(DelegatingStatement.java:194)
	at org.datanucleus.store.rdbms.datasource.dbcp2.DelegatingStatement.execute(DelegatingStatement.java:194)
	at org.datanucleus.store.rdbms.table.AbstractTable.executeDdlStatement(AbstractTable.java:799)
	at org.datanucleus.store.rdbms.table.AbstractTable.executeDdlStatementList(AbstractTable.java:749)
	at org.datanucleus.store.rdbms.table.AbstractTable.drop(AbstractTable.java:507)
	at org.datanucleus.store.rdbms.DeleteTablesSchemaTransaction.run(DeleteTablesSchemaTransaction.java:210)
	at org.datanucleus.store.rdbms.AbstractSchemaTransaction.execute(AbstractSchemaTransaction.java:118)
	at org.datanucleus.store.rdbms.RDBMSStoreManager.deleteSchemaForClasses(RDBMSStoreManager.java:4202)
	at org.datanucleus.store.schema.SchemaTool.deleteSchemaForClasses(SchemaTool.java:512)
	at org.datanucleus.store.schema.SchemaTool.main(SchemaTool.java:427)

22:23:45,137 (main) ERROR [DataNucleus.SchemaTool] - DataNucleus SchemaTool ha lanzado una excepción. Por favor consulte el Log para ver más detalles: Una excepcion estaba tirada durante la borracion de algunas class(es) : Cannot drop table 'sesionentrenamiento' referenced by a foreign key constraint 'USER_SESIONES_FK2' on table 'user_sesiones'.
java.sql.SQLException: Cannot drop table 'sesionentrenamiento' referenced by a foreign key constraint 'USER_SESIONES_FK2' on table 'user_sesiones'.
	at com.mysql.cj.jdbc.exceptions.SQLError.createSQLException(SQLError.java:129)
	at com.mysql.cj.jdbc.exceptions.SQLExceptionsMapping.translateException(SQLExceptionsMapping.java:122)
	at com.mysql.cj.jdbc.StatementImpl.executeInternal(StatementImpl.java:763)
	at com.mysql.cj.jdbc.StatementImpl.execute(StatementImpl.java:648)
	at org.datanucleus.store.rdbms.datasource.dbcp2.DelegatingStatement.execute(DelegatingStatement.java:194)
	at org.datanucleus.store.rdbms.datasource.dbcp2.DelegatingStatement.execute(DelegatingStatement.java:194)
	at org.datanucleus.store.rdbms.table.AbstractTable.executeDdlStatement(AbstractTable.java:799)
	at org.datanucleus.store.rdbms.table.AbstractTable.executeDdlStatementList(AbstractTable.java:749)
	at org.datanucleus.store.rdbms.table.AbstractTable.drop(AbstractTable.java:507)
	at org.datanucleus.store.rdbms.DeleteTablesSchemaTransaction.run(DeleteTablesSchemaTransaction.java:210)
	at org.datanucleus.store.rdbms.AbstractSchemaTransaction.execute(AbstractSchemaTransaction.java:118)
	at org.datanucleus.store.rdbms.RDBMSStoreManager.deleteSchemaForClasses(RDBMSStoreManager.java:4202)
	at org.datanucleus.store.schema.SchemaTool.deleteSchemaForClasses(SchemaTool.java:512)
	at org.datanucleus.store.schema.SchemaTool.main(SchemaTool.java:427)

Una excepcion estaba tirada durante la borracion de algunas class(es) : Cannot drop table 'sesionentrenamiento' referenced by a foreign key constraint 'USER_SESIONES_FK2' on table 'user_sesiones'.
java.sql.SQLException: Cannot drop table 'sesionentrenamiento' referenced by a foreign key constraint 'USER_SESIONES_FK2' on table 'user_sesiones'.
	at com.mysql.cj.jdbc.exceptions.SQLError.createSQLException(SQLError.java:129)
	at com.mysql.cj.jdbc.exceptions.SQLExceptionsMapping.translateException(SQLExceptionsMapping.java:122)
	at com.mysql.cj.jdbc.StatementImpl.executeInternal(StatementImpl.java:763)
	at com.mysql.cj.jdbc.StatementImpl.execute(StatementImpl.java:648)
	at org.datanucleus.store.rdbms.datasource.dbcp2.DelegatingStatement.execute(DelegatingStatement.java:194)
	at org.datanucleus.store.rdbms.datasource.dbcp2.DelegatingStatement.execute(DelegatingStatement.java:194)
	at org.datanucleus.store.rdbms.table.AbstractTable.executeDdlStatement(AbstractTable.java:799)
	at org.datanucleus.store.rdbms.table.AbstractTable.executeDdlStatementList(AbstractTable.java:749)
	at org.datanucleus.store.rdbms.table.AbstractTable.drop(AbstractTable.java:507)
	at org.datanucleus.store.rdbms.DeleteTablesSchemaTransaction.run(DeleteTablesSchemaTransaction.java:210)
	at org.datanucleus.store.rdbms.AbstractSchemaTransaction.execute(AbstractSchemaTransaction.java:118)
	at org.datanucleus.store.rdbms.RDBMSStoreManager.deleteSchemaForClasses(RDBMSStoreManager.java:4202)
	at org.datanucleus.store.schema.SchemaTool.deleteSchemaForClasses(SchemaTool.java:512)
	at org.datanucleus.store.schema.SchemaTool.main(SchemaTool.java:427)

org.datanucleus.exceptions.NucleusUserException: Una excepcion estaba tirada durante la borracion de algunas class(es) : Cannot drop table 'sesionentrenamiento' referenced by a foreign key constraint 'USER_SESIONES_FK2' on table 'user_sesiones'.
java.sql.SQLException: Cannot drop table 'sesionentrenamiento' referenced by a foreign key constraint 'USER_SESIONES_FK2' on table 'user_sesiones'.
	at com.mysql.cj.jdbc.exceptions.SQLError.createSQLException(SQLError.java:129)
	at com.mysql.cj.jdbc.exceptions.SQLExceptionsMapping.translateException(SQLExceptionsMapping.java:122)
	at com.mysql.cj.jdbc.StatementImpl.executeInternal(StatementImpl.java:763)
	at com.mysql.cj.jdbc.StatementImpl.execute(StatementImpl.java:648)
	at org.datanucleus.store.rdbms.datasource.dbcp2.DelegatingStatement.execute(DelegatingStatement.java:194)
	at org.datanucleus.store.rdbms.datasource.dbcp2.DelegatingStatement.execute(DelegatingStatement.java:194)
	at org.datanucleus.store.rdbms.table.AbstractTable.executeDdlStatement(AbstractTable.java:799)
	at org.datanucleus.store.rdbms.table.AbstractTable.executeDdlStatementList(AbstractTable.java:749)
	at org.datanucleus.store.rdbms.table.AbstractTable.drop(AbstractTable.java:507)
	at org.datanucleus.store.rdbms.DeleteTablesSchemaTransaction.run(DeleteTablesSchemaTransaction.java:210)
	at org.datanucleus.store.rdbms.AbstractSchemaTransaction.execute(AbstractSchemaTransaction.java:118)
	at org.datanucleus.store.rdbms.RDBMSStoreManager.deleteSchemaForClasses(RDBMSStoreManager.java:4202)
	at org.datanucleus.store.schema.SchemaTool.deleteSchemaForClasses(SchemaTool.java:512)
	at org.datanucleus.store.schema.SchemaTool.main(SchemaTool.java:427)

	at org.datanucleus.store.rdbms.DeleteTablesSchemaTransaction.run(DeleteTablesSchemaTransaction.java:219)
	at org.datanucleus.store.rdbms.AbstractSchemaTransaction.execute(AbstractSchemaTransaction.java:118)
	at org.datanucleus.store.rdbms.RDBMSStoreManager.deleteSchemaForClasses(RDBMSStoreManager.java:4202)
	at org.datanucleus.store.schema.SchemaTool.deleteSchemaForClasses(SchemaTool.java:512)
	at org.datanucleus.store.schema.SchemaTool.main(SchemaTool.java:427)
Caused by: java.sql.SQLException: Cannot drop table 'sesionentrenamiento' referenced by a foreign key constraint 'USER_SESIONES_FK2' on table 'user_sesiones'.
	at com.mysql.cj.jdbc.exceptions.SQLError.createSQLException(SQLError.java:129)
	at com.mysql.cj.jdbc.exceptions.SQLExceptionsMapping.translateException(SQLExceptionsMapping.java:122)
	at com.mysql.cj.jdbc.StatementImpl.executeInternal(StatementImpl.java:763)
	at com.mysql.cj.jdbc.StatementImpl.execute(StatementImpl.java:648)
	at org.datanucleus.store.rdbms.datasource.dbcp2.DelegatingStatement.execute(DelegatingStatement.java:194)
	at org.datanucleus.store.rdbms.datasource.dbcp2.DelegatingStatement.execute(DelegatingStatement.java:194)
	at org.datanucleus.store.rdbms.table.AbstractTable.executeDdlStatement(AbstractTable.java:799)
	at org.datanucleus.store.rdbms.table.AbstractTable.executeDdlStatementList(AbstractTable.java:749)
	at org.datanucleus.store.rdbms.table.AbstractTable.drop(AbstractTable.java:507)
	at org.datanucleus.store.rdbms.DeleteTablesSchemaTransaction.run(DeleteTablesSchemaTransaction.java:210)
	... 4 more
Nested Throwables StackTrace:
java.sql.SQLException: Cannot drop table 'sesionentrenamiento' referenced by a foreign key constraint 'USER_SESIONES_FK2' on table 'user_sesiones'.
	at com.mysql.cj.jdbc.exceptions.SQLError.createSQLException(SQLError.java:129)
	at com.mysql.cj.jdbc.exceptions.SQLExceptionsMapping.translateException(SQLExceptionsMapping.java:122)
	at com.mysql.cj.jdbc.StatementImpl.executeInternal(StatementImpl.java:763)
	at com.mysql.cj.jdbc.StatementImpl.execute(StatementImpl.java:648)
	at org.datanucleus.store.rdbms.datasource.dbcp2.DelegatingStatement.execute(DelegatingStatement.java:194)
	at org.datanucleus.store.rdbms.datasource.dbcp2.DelegatingStatement.execute(DelegatingStatement.java:194)
	at org.datanucleus.store.rdbms.table.AbstractTable.executeDdlStatement(AbstractTable.java:799)
	at org.datanucleus.store.rdbms.table.AbstractTable.executeDdlStatementList(AbstractTable.java:749)
	at org.datanucleus.store.rdbms.table.AbstractTable.drop(AbstractTable.java:507)
	at org.datanucleus.store.rdbms.DeleteTablesSchemaTransaction.run(DeleteTablesSchemaTransaction.java:210)
	at org.datanucleus.store.rdbms.AbstractSchemaTransaction.execute(AbstractSchemaTransaction.java:118)
	at org.datanucleus.store.rdbms.RDBMSStoreManager.deleteSchemaForClasses(RDBMSStoreManager.java:4202)
	at org.datanucleus.store.schema.SchemaTool.deleteSchemaForClasses(SchemaTool.java:512)
	at org.datanucleus.store.schema.SchemaTool.main(SchemaTool.java:427)
22:24:04,616 (main) WARN  [DataNucleus.Datastore.Schema] - La columna `RETO`.`DEPORTE` tiene una precision/escala, pero el tipo de la columna de la base de datos no permite nada.
22:24:04,616 (main) WARN  [DataNucleus.Datastore.Schema] - La columna `RETO`.`NOMBRE` tiene una precision/escala, pero el tipo de la columna de la base de datos no permite nada.
22:24:04,631 (main) WARN  [DataNucleus.Datastore.Schema] - La columna `SESIONENTRENAMIENTO`.`DEPORTE` tiene una precision/escala, pero el tipo de la columna de la base de datos no permite nada.
22:24:04,631 (main) WARN  [DataNucleus.Datastore.Schema] - La columna `SESIONENTRENAMIENTO`.`TITULO` tiene una precision/escala, pero el tipo de la columna de la base de datos no permite nada.
22:27:37,847 (main) WARN  [DataNucleus.Datastore.Schema] - La columna `RETO`.`DEPORTE` tiene una precision/escala, pero el tipo de la columna de la base de datos no permite nada.
22:27:37,848 (main) WARN  [DataNucleus.Datastore.Schema] - La columna `RETO`.`NOMBRE` tiene una precision/escala, pero el tipo de la columna de la base de datos no permite nada.
22:27:37,868 (main) WARN  [DataNucleus.Datastore.Schema] - La columna `SESIONENTRENAMIENTO`.`DEPORTE` tiene una precision/escala, pero el tipo de la columna de la base de datos no permite nada.
22:27:37,869 (main) WARN  [DataNucleus.Datastore.Schema] - La columna `SESIONENTRENAMIENTO`.`TITULO` tiene una precision/escala, pero el tipo de la columna de la base de datos no permite nada.
22:27:37,886 (main) WARN  [DataNucleus.Datastore.Schema] - La columna `USER`.`EMAIL` tiene una precision/escala, pero el tipo de la columna de la base de datos no permite nada.
22:27:37,886 (main) WARN  [DataNucleus.Datastore.Schema] - La columna `USER`.`FECHANAC` tiene una precision/escala, pero el tipo de la columna de la base de datos no permite nada.
22:27:37,886 (main) WARN  [DataNucleus.Datastore.Schema] - La columna `USER`.`NOMBRE` tiene una precision/escala, pero el tipo de la columna de la base de datos no permite nada.
22:27:37,886 (main) WARN  [DataNucleus.Datastore.Schema] - La columna `USER`.`PROVEEDOR` tiene una precision/escala, pero el tipo de la columna de la base de datos no permite nada.
22:27:37,903 (main) WARN  [DataNucleus.Datastore.Schema] - La columna `USUARIOSTRAVA`.`CONTRASENNA` tiene una precision/escala, pero el tipo de la columna de la base de datos no permite nada.
22:48:12,715 (main) WARN  [DataNucleus.Datastore.Schema] - La columna `RETO`.`DEPORTE` tiene una precision/escala, pero el tipo de la columna de la base de datos no permite nada.
22:48:12,716 (main) WARN  [DataNucleus.Datastore.Schema] - La columna `RETO`.`NOMBRE` tiene una precision/escala, pero el tipo de la columna de la base de datos no permite nada.
22:48:12,733 (main) WARN  [DataNucleus.Datastore.Schema] - La columna `SESIONENTRENAMIENTO`.`DEPORTE` tiene una precision/escala, pero el tipo de la columna de la base de datos no permite nada.
22:48:12,734 (main) WARN  [DataNucleus.Datastore.Schema] - La columna `SESIONENTRENAMIENTO`.`TITULO` tiene una precision/escala, pero el tipo de la columna de la base de datos no permite nada.
22:48:12,750 (main) WARN  [DataNucleus.Datastore.Schema] - La columna `USER`.`EMAIL` tiene una precision/escala, pero el tipo de la columna de la base de datos no permite nada.
22:48:12,750 (main) WARN  [DataNucleus.Datastore.Schema] - La columna `USER`.`FECHANAC` tiene una precision/escala, pero el tipo de la columna de la base de datos no permite nada.
22:48:12,750 (main) WARN  [DataNucleus.Datastore.Schema] - La columna `USER`.`NOMBRE` tiene una precision/escala, pero el tipo de la columna de la base de datos no permite nada.
22:48:12,750 (main) WARN  [DataNucleus.Datastore.Schema] - La columna `USER`.`PROVEEDOR` tiene una precision/escala, pero el tipo de la columna de la base de datos no permite nada.
22:48:12,764 (main) WARN  [DataNucleus.Datastore.Schema] - La columna `USUARIOSTRAVA`.`CONTRASENNA` tiene una precision/escala, pero el tipo de la columna de la base de datos no permite nada.
